<?xml version="1.0" encoding="UTF-8"?>
<!-- Generated by org.testng.reporters.JUnitXMLReporter -->
<testsuite ignored="1" hostname="LTIN487732" failures="1" tests="2" name="Test" time="403.003" errors="0" timestamp="2024-02-27T14:57:53 IST">
  <testcase classname="testCases.TC001" name="sen" time="357.765"/>
  <testcase classname="testCases.TC003" name="raj" time="0.135">
    <failure type="java.lang.NullPointerException" message="Cannot invoke &amp;quot;org.testng.log4testng.Logger.info(Object)&amp;quot; because &amp;quot;this.log&amp;quot; is null">
      <![CDATA[java.lang.NullPointerException: Cannot invoke "org.testng.log4testng.Logger.info(Object)" because "this.log" is null
at testCases.TC003.raj(TC003.java:16)
at java.base/java.util.ArrayList.forEach(ArrayList.java:1511)
... Removed 27 stack frames]]>
    </failure>
  </testcase> <!-- raj -->
  <testcase classname="testBase.baseClass" name="@BeforeTest browser" time="0.0">
    <ignored/>
  </testcase> <!-- @BeforeTest browser -->
</testsuite> <!-- Test -->
