<?xml version="1.0" encoding="UTF-8"?>
<!-- Generated by org.testng.reporters.JUnitXMLReporter -->
<testsuite ignored="4" hostname="LTIN487732" failures="0" tests="3" name="testCases" time="484.595" errors="0" timestamp="2024-02-29T09:05:46 IST">
  <testcase classname="testCases.TC001" name="sen" time="335.908"/>
  <testcase classname="testCases.TC002" name="third" time="31.089"/>
  <testcase classname="testCases.TC003" name="raj" time="66.498"/>
  <testcase classname="testBase.baseClass" name="@BeforeTest browser" time="0.0">
    <ignored/>
  </testcase> <!-- @BeforeTest browser -->
  <testcase classname="testBase.baseClass" name="@AfterTest cls" time="0.0">
    <ignored/>
  </testcase> <!-- @AfterTest cls -->
  <testcase classname="testBase.baseClass" name="@BeforeTest browser" time="0.0">
    <ignored/>
  </testcase> <!-- @BeforeTest browser -->
  <testcase classname="testBase.baseClass" name="@AfterTest cls" time="0.0">
    <ignored/>
  </testcase> <!-- @AfterTest cls -->
</testsuite> <!-- testCases -->
