<?xml version="1.0" encoding="UTF-8"?>
<testng-results ignored="0" total="3" passed="3" failed="0" skipped="0">
  <reporter-output>
  </reporter-output>
  <suite started-at="2024-02-29T08:57:41 IST" name="Suite" finished-at="2024-02-29T09:05:46 IST" duration-ms="484595">
    <groups>
    </groups>
    <test started-at="2024-02-29T08:57:41 IST" name="testCases" finished-at="2024-02-29T09:05:46 IST" duration-ms="484595">
      <class name="testCases.TC001">
        <test-method is-config="true" signature="browser(java.lang.String,java.lang.String)[pri:0, instance:testCases.TC001@3ce1e309]" started-at="2024-02-29T08:57:41 IST" name="browser" finished-at="2024-02-29T08:58:31 IST" duration-ms="49734" status="PASS">
          <params>
            <param index="0">
              <value>
                <![CDATA[chrome]]>
              </value>
            </param>
            <param index="1">
              <value>
                <![CDATA[windows]]>
              </value>
            </param>
          </params>
          <reporter-output>
          </reporter-output>
        </test-method> <!-- browser -->
        <test-method signature="sen()[pri:1, instance:testCases.TC001@3ce1e309]" started-at="2024-02-29T08:58:31 IST" name="sen" finished-at="2024-02-29T09:04:07 IST" duration-ms="335908" status="PASS">
          <reporter-output>
          </reporter-output>
        </test-method> <!-- sen -->
        <test-method is-config="true" signature="cls()[pri:0, instance:testCases.TC001@3ce1e309]" started-at="2024-02-29T09:05:44 IST" name="cls" finished-at="2024-02-29T09:05:46 IST" duration-ms="1132" status="PASS">
          <reporter-output>
          </reporter-output>
        </test-method> <!-- cls -->
      </class> <!-- testCases.TC001 -->
      <class name="testCases.TC003">
        <test-method signature="raj()[pri:3, instance:testCases.TC003@44ebcd03]" started-at="2024-02-29T09:04:38 IST" name="raj" finished-at="2024-02-29T09:05:44 IST" duration-ms="66498" status="PASS">
          <reporter-output>
          </reporter-output>
        </test-method> <!-- raj -->
      </class> <!-- testCases.TC003 -->
      <class name="testCases.TC002">
        <test-method signature="third()[pri:2, instance:testCases.TC002@323b36e0]" started-at="2024-02-29T09:04:07 IST" name="third" finished-at="2024-02-29T09:04:38 IST" duration-ms="31089" status="PASS">
          <reporter-output>
          </reporter-output>
        </test-method> <!-- third -->
      </class> <!-- testCases.TC002 -->
    </test> <!-- testCases -->
  </suite> <!-- Suite -->
</testng-results>
