<?xml version="1.0" encoding="UTF-8"?>
<testsuite xmlns:xsi="http://www.w3.org/2001/XMLSchema-instance" xsi:noNamespaceSchemaLocation="https://maven.apache.org/surefire/maven-surefire-plugin/xsd/surefire-test-report-3.0.xsd" version="3.0" name="TestSuite" time="485.517" tests="3" errors="0" skipped="0" failures="0">
  <properties>
[...]
</properties>
  <testcase name="sen" classname="testCases.TC001" time="335.941">
    <system-out><![CDATA[Dr. Kishor's Dentistry
6 Dentist
1 - 14 years experience
Kilpauk
₹500Consultation Fees
99%1043 Patient Stories
##################################
Dr. (Col) M. C. Sharma
Dentist
38 years experience overall
Frazer Town,Bangalore  Colonel's Dental Spa
₹500 Consultation fee at clinic
96% 425 Patient Stories
##################################
Dr. D Arunachalam
Dentist
36 years experience overall
Adyar,Chennai  Smiles India Family Dentistry + 1 more
₹500 Consultation fee at clinic
98% 243 Patient Stories
##################################
Dr. Raghunandana D Karantha
Dentist
35 years experience overall
Vijayanagar,Bangalore  Sanjeevini Dental And Micro-Endodontic Clinic
₹500 Consultation fee at clinic
99% 176 Patient Stories
##################################
Dr. Suresh S
Dentist
30 years experience overall
JP Nagar 7 Phase,Bangalore  Smiles Smith Advanced Dental Care + 1 more
₹500 Consultation fee at clinic
97% 131 Patient Stories
##################################
]]></system-out>
    <system-err><![CDATA[SLF4J: Failed to load class "org.slf4j.impl.StaticLoggerBinder".
SLF4J: Defaulting to no-operation (NOP) logger implementation
SLF4J: See http://www.slf4j.org/codes.html#StaticLoggerBinder for further details.
Feb 29, 2024 8:57:46 AM org.openqa.selenium.devtools.CdpVersionFinder findNearestMatch
WARNING: Unable to find CDP implementation matching 113
Feb 29, 2024 8:57:46 AM org.openqa.selenium.chromium.ChromiumDriver lambda$new$5
WARNING: Unable to find version of CDP to use for 113.0.5672.93. You may need to include a dependency on a specific version of the CDP using something similar to `org.seleniumhq.selenium:selenium-devtools-v86:4.17.0` where the version ("v86") matches the version of the chromium-based browser you're using and the version number of the artifact is the same as Selenium's.
Feb 29, 2024 8:57:52 AM org.openqa.selenium.devtools.CdpVersionFinder findNearestMatch
WARNING: Unable to find CDP implementation matching 113
Feb 29, 2024 8:57:52 AM org.openqa.selenium.chromium.ChromiumDriver lambda$new$5
WARNING: Unable to find version of CDP to use for 113.0.5672.93. You may need to include a dependency on a specific version of the CDP using something similar to `org.seleniumhq.selenium:selenium-devtools-v86:4.17.0` where the version ("v86") matches the version of the chromium-based browser you're using and the version number of the artifact is the same as Selenium's.
]]></system-err>
  </testcase>
  <testcase name="third" classname="testCases.TC002" time="31.087">
    <system-out><![CDATA[Popular-Surgeries-List
Piles
Hernia Treatment
Kidney Stone
Cataract
Circumcision
Lasik
Varicose Veins
Gallstone
Anal Fistula
Gynaecomastia
Anal Fissure
Lipoma Removal
Sebaceous cyst
Pilonidal Sinus
Lump in Breast
TURP
Hydrocele
Knee Replacement
Hair Transplant
]]></system-out>
  </testcase>
  <testcase name="raj" classname="testCases.TC003" time="66.499">
    <system-out><![CDATA[button is disabled
button is enabled
THANK YOUis displayed
]]></system-out>
  </testcase>
</testsuite>