<?xml version="1.0" encoding="UTF-8"?>
<testng-results ignored="4" total="7" passed="3" failed="0" skipped="0">
  <reporter-output>
  </reporter-output>
  <suite started-at="2024-02-29T10:13:43 IST" name="Suite" finished-at="2024-02-29T10:16:10 IST" duration-ms="146722">
    <groups>
    </groups>
    <test started-at="2024-02-29T10:13:43 IST" name="testCases" finished-at="2024-02-29T10:16:10 IST" duration-ms="146722">
      <class name="testCases.TC001">
        <test-method is-config="true" signature="browser(java.lang.String,java.lang.String)[pri:0, instance:testCases.TC001@4567f35d]" started-at="2024-02-29T10:13:44 IST" name="browser" finished-at="2024-02-29T10:14:28 IST" duration-ms="44163" status="PASS">
          <params>
            <param index="0">
              <value>
                <![CDATA[chrome]]>
              </value>
            </param>
            <param index="1">
              <value>
                <![CDATA[windows]]>
              </value>
            </param>
          </params>
          <reporter-output>
          </reporter-output>
        </test-method> <!-- browser -->
        <test-method signature="sen()[pri:1, instance:testCases.TC001@4567f35d]" started-at="2024-02-29T10:14:28 IST" name="sen" finished-at="2024-02-29T10:15:05 IST" duration-ms="36763" status="PASS">
          <reporter-output>
          </reporter-output>
        </test-method> <!-- sen -->
        <test-method is-config="true" signature="cls()[pri:0, instance:testCases.TC001@4567f35d]" started-at="2024-02-29T10:16:05 IST" name="cls" finished-at="2024-02-29T10:16:10 IST" duration-ms="5541" status="PASS">
          <reporter-output>
          </reporter-output>
        </test-method> <!-- cls -->
      </class> <!-- testCases.TC001 -->
      <class name="testCases.TC003">
        <test-method signature="raj()[pri:3, instance:testCases.TC003@3e58a80e]" started-at="2024-02-29T10:15:16 IST" name="raj" finished-at="2024-02-29T10:16:05 IST" duration-ms="48869" status="PASS">
          <reporter-output>
          </reporter-output>
        </test-method> <!-- raj -->
      </class> <!-- testCases.TC003 -->
      <class name="testCases.TC002">
        <test-method signature="third()[pri:2, instance:testCases.TC002@6b927fb]" started-at="2024-02-29T10:15:05 IST" name="third" finished-at="2024-02-29T10:15:16 IST" duration-ms="11027" status="PASS">
          <reporter-output>
          </reporter-output>
        </test-method> <!-- third -->
      </class> <!-- testCases.TC002 -->
    </test> <!-- testCases -->
  </suite> <!-- Suite -->
</testng-results>
